<?xml version="1.0" encoding="UTF-8"?>
<testng-results ignored="0" total="1" passed="1" failed="0" skipped="0">
  <reporter-output>
  </reporter-output>
  <suite started-at="2021-01-17T14:22:07Z" name="Default suite" finished-at="2021-01-17T14:23:15Z" duration-ms="67795">
    <groups>
    </groups>
    <test started-at="2021-01-17T14:22:07Z" name="Default test" finished-at="2021-01-17T14:23:15Z" duration-ms="67795">
      <class name="testFunctional.ValidateSearch">
        <test-method signature="ValidSearch()[pri:0, instance:testFunctional.ValidateSearch@7d8704ef]" started-at="2021-01-17T14:22:07Z" name="ValidSearch" finished-at="2021-01-17T14:23:15Z" duration-ms="67753" status="PASS">
          <reporter-output>
          </reporter-output>
        </test-method> <!-- ValidSearch -->
      </class> <!-- testFunctional.ValidateSearch -->
    </test> <!-- Default test -->
  </suite> <!-- Default suite -->
</testng-results>
